Warning[215] C:\USERS\HAESH_MIKOTONIKS\MPLABXPROJECTS\ASSAMBLY PROJECTS\LED_TIMER_DELAY_PIC_ASM.X\NEWPIC_8B_SIMPLE.ASM 38 : Processor superseded by command line.  Verify processor symbol.
Warning[205] C:\USERS\HAESH_MIKOTONIKS\MPLABXPROJECTS\ASSAMBLY PROJECTS\LED_TIMER_DELAY_PIC_ASM.X\NEWPIC_8B_SIMPLE.ASM 77 : Found directive in column 1. (cblock)
Warning[205] C:\USERS\HAESH_MIKOTONIKS\MPLABXPROJECTS\ASSAMBLY PROJECTS\LED_TIMER_DELAY_PIC_ASM.X\NEWPIC_8B_SIMPLE.ASM 83 : Found directive in column 1. (ENDC)
Warning[205] C:\USERS\HAESH_MIKOTONIKS\MPLABXPROJECTS\ASSAMBLY PROJECTS\LED_TIMER_DELAY_PIC_ASM.X\NEWPIC_8B_SIMPLE.ASM 118 : Found directive in column 1. (ORG)
Message[305] C:\USERS\HAESH_MIKOTONIKS\MPLABXPROJECTS\ASSAMBLY PROJECTS\LED_TIMER_DELAY_PIC_ASM.X\NEWPIC_8B_SIMPLE.ASM 134 : Using default destination of 1 (file).
Message[302] C:\USERS\HAESH_MIKOTONIKS\MPLABXPROJECTS\ASSAMBLY PROJECTS\LED_TIMER_DELAY_PIC_ASM.X\NEWPIC_8B_SIMPLE.ASM 136 : Register in operand not in bank 0.  Ensure that bank bits are correct.
Message[302] C:\USERS\HAESH_MIKOTONIKS\MPLABXPROJECTS\ASSAMBLY PROJECTS\LED_TIMER_DELAY_PIC_ASM.X\NEWPIC_8B_SIMPLE.ASM 165 : Register in operand not in bank 0.  Ensure that bank bits are correct.
Message[302] C:\USERS\HAESH_MIKOTONIKS\MPLABXPROJECTS\ASSAMBLY PROJECTS\LED_TIMER_DELAY_PIC_ASM.X\NEWPIC_8B_SIMPLE.ASM 169 : Register in operand not in bank 0.  Ensure that bank bits are correct.
Message[302] C:\USERS\HAESH_MIKOTONIKS\MPLABXPROJECTS\ASSAMBLY PROJECTS\LED_TIMER_DELAY_PIC_ASM.X\NEWPIC_8B_SIMPLE.ASM 176 : Register in operand not in bank 0.  Ensure that bank bits are correct.
Message[302] C:\USERS\HAESH_MIKOTONIKS\MPLABXPROJECTS\ASSAMBLY PROJECTS\LED_TIMER_DELAY_PIC_ASM.X\NEWPIC_8B_SIMPLE.ASM 181 : Register in operand not in bank 0.  Ensure that bank bits are correct.
Message[302] C:\USERS\HAESH_MIKOTONIKS\MPLABXPROJECTS\ASSAMBLY PROJECTS\LED_TIMER_DELAY_PIC_ASM.X\NEWPIC_8B_SIMPLE.ASM 186 : Register in operand not in bank 0.  Ensure that bank bits are correct.
Message[302] C:\USERS\HAESH_MIKOTONIKS\MPLABXPROJECTS\ASSAMBLY PROJECTS\LED_TIMER_DELAY_PIC_ASM.X\NEWPIC_8B_SIMPLE.ASM 191 : Register in operand not in bank 0.  Ensure that bank bits are correct.
Message[302] C:\USERS\HAESH_MIKOTONIKS\MPLABXPROJECTS\ASSAMBLY PROJECTS\LED_TIMER_DELAY_PIC_ASM.X\NEWPIC_8B_SIMPLE.ASM 196 : Register in operand not in bank 0.  Ensure that bank bits are correct.
Message[302] C:\USERS\HAESH_MIKOTONIKS\MPLABXPROJECTS\ASSAMBLY PROJECTS\LED_TIMER_DELAY_PIC_ASM.X\NEWPIC_8B_SIMPLE.ASM 201 : Register in operand not in bank 0.  Ensure that bank bits are correct.
Message[302] C:\USERS\HAESH_MIKOTONIKS\MPLABXPROJECTS\ASSAMBLY PROJECTS\LED_TIMER_DELAY_PIC_ASM.X\NEWPIC_8B_SIMPLE.ASM 207 : Register in operand not in bank 0.  Ensure that bank bits are correct.
Message[302] C:\USERS\HAESH_MIKOTONIKS\MPLABXPROJECTS\ASSAMBLY PROJECTS\LED_TIMER_DELAY_PIC_ASM.X\NEWPIC_8B_SIMPLE.ASM 213 : Register in operand not in bank 0.  Ensure that bank bits are correct.
Message[302] C:\USERS\HAESH_MIKOTONIKS\MPLABXPROJECTS\ASSAMBLY PROJECTS\LED_TIMER_DELAY_PIC_ASM.X\NEWPIC_8B_SIMPLE.ASM 219 : Register in operand not in bank 0.  Ensure that bank bits are correct.
Message[302] C:\USERS\HAESH_MIKOTONIKS\MPLABXPROJECTS\ASSAMBLY PROJECTS\LED_TIMER_DELAY_PIC_ASM.X\NEWPIC_8B_SIMPLE.ASM 225 : Register in operand not in bank 0.  Ensure that bank bits are correct.
Message[302] C:\USERS\HAESH_MIKOTONIKS\MPLABXPROJECTS\ASSAMBLY PROJECTS\LED_TIMER_DELAY_PIC_ASM.X\NEWPIC_8B_SIMPLE.ASM 232 : Register in operand not in bank 0.  Ensure that bank bits are correct.
Message[302] C:\USERS\HAESH_MIKOTONIKS\MPLABXPROJECTS\ASSAMBLY PROJECTS\LED_TIMER_DELAY_PIC_ASM.X\NEWPIC_8B_SIMPLE.ASM 238 : Register in operand not in bank 0.  Ensure that bank bits are correct.
Message[302] C:\USERS\HAESH_MIKOTONIKS\MPLABXPROJECTS\ASSAMBLY PROJECTS\LED_TIMER_DELAY_PIC_ASM.X\NEWPIC_8B_SIMPLE.ASM 245 : Register in operand not in bank 0.  Ensure that bank bits are correct.
Message[302] C:\USERS\HAESH_MIKOTONIKS\MPLABXPROJECTS\ASSAMBLY PROJECTS\LED_TIMER_DELAY_PIC_ASM.X\NEWPIC_8B_SIMPLE.ASM 248 : Register in operand not in bank 0.  Ensure that bank bits are correct.
Message[302] C:\USERS\HAESH_MIKOTONIKS\MPLABXPROJECTS\ASSAMBLY PROJECTS\LED_TIMER_DELAY_PIC_ASM.X\NEWPIC_8B_SIMPLE.ASM 252 : Register in operand not in bank 0.  Ensure that bank bits are correct.
Message[302] C:\USERS\HAESH_MIKOTONIKS\MPLABXPROJECTS\ASSAMBLY PROJECTS\LED_TIMER_DELAY_PIC_ASM.X\NEWPIC_8B_SIMPLE.ASM 255 : Register in operand not in bank 0.  Ensure that bank bits are correct.
Message[302] C:\USERS\HAESH_MIKOTONIKS\MPLABXPROJECTS\ASSAMBLY PROJECTS\LED_TIMER_DELAY_PIC_ASM.X\NEWPIC_8B_SIMPLE.ASM 260 : Register in operand not in bank 0.  Ensure that bank bits are correct.
Message[302] C:\USERS\HAESH_MIKOTONIKS\MPLABXPROJECTS\ASSAMBLY PROJECTS\LED_TIMER_DELAY_PIC_ASM.X\NEWPIC_8B_SIMPLE.ASM 262 : Register in operand not in bank 0.  Ensure that bank bits are correct.
Warning[203] C:\USERS\HAESH_MIKOTONIKS\MPLABXPROJECTS\ASSAMBLY PROJECTS\LED_TIMER_DELAY_PIC_ASM.X\NEWPIC_8B_SIMPLE.ASM 267 : Found opcode in column 1. (goto)
Message[302] C:\USERS\HAESH_MIKOTONIKS\MPLABXPROJECTS\ASSAMBLY PROJECTS\LED_TIMER_DELAY_PIC_ASM.X\NEWPIC_8B_SIMPLE.ASM 288 : Register in operand not in bank 0.  Ensure that bank bits are correct.
Message[302] C:\USERS\HAESH_MIKOTONIKS\MPLABXPROJECTS\ASSAMBLY PROJECTS\LED_TIMER_DELAY_PIC_ASM.X\NEWPIC_8B_SIMPLE.ASM 292 : Register in operand not in bank 0.  Ensure that bank bits are correct.
Warning[205] C:\USERS\HAESH_MIKOTONIKS\MPLABXPROJECTS\ASSAMBLY PROJECTS\LED_TIMER_DELAY_PIC_ASM.X\NEWPIC_8B_SIMPLE.ASM 296 : Found directive in column 1. (END)
